<?xml version="1.0" encoding="UTF-8"?>
<!-- Generated by org.testng.reporters.JUnitXMLReporter -->
<testsuite ignored="2" hostname="Srikanth" failures="0" tests="0" time="0.022" errors="0" timestamp="2024-03-10T10:58:18 CDT">
  <testcase classname="SrikanthSelenium.SeleniumFrameworkDesign.StandAloneTest" name="submitOrder" time="0.0">
    <ignored/>
  </testcase> <!-- submitOrder -->
  <testcase classname="SrikanthSelenium.SeleniumFrameworkDesign.StandAloneTest" name="OrderHistoryTest" time="0.0">
    <ignored/>
  </testcase> <!-- OrderHistoryTest -->
</testsuite>
