<?xml version="1.0" encoding="UTF-8"?>
<!-- Generated by org.testng.reporters.JUnitXMLReporter -->
<testsuite ignored="0" hostname="Srikanth" failures="0" tests="2" name="Submit Order Test" time="14.358" errors="0" timestamp="2024-03-13T22:25:46 CDT">
  <testcase classname="SrikanthSelenium.SeleniumFrameworkDesign.StandAloneTest" name="submitOrder" time="3.856"/>
  <testcase classname="SrikanthSelenium.SeleniumFrameworkDesign.StandAloneTest" name="OrderHistoryTest" time="1.055"/>
</testsuite> <!-- Submit Order Test -->
