<?xml version="1.0" encoding="UTF-8"?>
<testng-results ignored="0" total="3" passed="3" failed="0" skipped="0">
  <reporter-output>
  </reporter-output>
  <suite started-at="2024-03-13T22:25:31 CDT" name="Suite" finished-at="2024-03-13T22:25:52 CDT" duration-ms="21064">
    <groups>
      <group name="ErrorHandling">
        <method signature="ErrorValidations.submitOrder()[pri:0, instance:SrikanthSelenium.SeleniumFrameworkDesign.ErrorValidations@d2de489]" name="submitOrder" class="SrikanthSelenium.SeleniumFrameworkDesign.ErrorValidations"/>
      </group> <!-- ErrorHandling -->
      <group name="Purchase">
        <method signature="StandAloneTest.submitOrder(java.util.HashMap)[pri:0, instance:SrikanthSelenium.SeleniumFrameworkDesign.StandAloneTest@1a245833]" name="submitOrder" class="SrikanthSelenium.SeleniumFrameworkDesign.StandAloneTest"/>
      </group> <!-- Purchase -->
    </groups>
    <test started-at="2024-03-13T22:25:31 CDT" name="Submit Order Test" finished-at="2024-03-13T22:25:45 CDT" duration-ms="14358">
      <class name="SrikanthSelenium.SeleniumFrameworkDesign.StandAloneTest">
        <test-method is-config="true" signature="launchApplication()[pri:0, instance:SrikanthSelenium.SeleniumFrameworkDesign.StandAloneTest@1a245833]" started-at="2024-03-13T22:25:31 CDT" name="launchApplication" finished-at="2024-03-13T22:25:36 CDT" duration-ms="4894" status="PASS">
          <reporter-output>
          </reporter-output>
        </test-method> <!-- launchApplication -->
        <test-method signature="submitOrder(java.util.HashMap)[pri:0, instance:SrikanthSelenium.SeleniumFrameworkDesign.StandAloneTest@1a245833]" started-at="2024-03-13T22:25:36 CDT" name="submitOrder" data-provider="getData" finished-at="2024-03-13T22:25:40 CDT" duration-ms="3856" status="PASS">
          <params>
            <param index="0">
              <value>
                <![CDATA[{password=Srinivasam77, product=ZARA COAT 3, email=rajkumar1@gmail.com}]]>
              </value>
            </param>
          </params>
          <reporter-output>
          </reporter-output>
        </test-method> <!-- submitOrder -->
        <test-method is-config="true" signature="tearDown()[pri:0, instance:SrikanthSelenium.SeleniumFrameworkDesign.StandAloneTest@1a245833]" started-at="2024-03-13T22:25:40 CDT" name="tearDown" finished-at="2024-03-13T22:25:40 CDT" duration-ms="138" status="PASS">
          <reporter-output>
          </reporter-output>
        </test-method> <!-- tearDown -->
        <test-method is-config="true" signature="launchApplication()[pri:0, instance:SrikanthSelenium.SeleniumFrameworkDesign.StandAloneTest@1a245833]" started-at="2024-03-13T22:25:40 CDT" name="launchApplication" finished-at="2024-03-13T22:25:44 CDT" duration-ms="4080" status="PASS">
          <reporter-output>
          </reporter-output>
        </test-method> <!-- launchApplication -->
        <test-method signature="OrderHistoryTest()[pri:0, instance:SrikanthSelenium.SeleniumFrameworkDesign.StandAloneTest@1a245833]" started-at="2024-03-13T22:25:44 CDT" name="OrderHistoryTest" finished-at="2024-03-13T22:25:45 CDT" depends-on-methods="SrikanthSelenium.SeleniumFrameworkDesign.StandAloneTest.submitOrder" duration-ms="1055" status="PASS">
          <reporter-output>
          </reporter-output>
        </test-method> <!-- OrderHistoryTest -->
        <test-method is-config="true" signature="tearDown()[pri:0, instance:SrikanthSelenium.SeleniumFrameworkDesign.StandAloneTest@1a245833]" started-at="2024-03-13T22:25:45 CDT" name="tearDown" finished-at="2024-03-13T22:25:45 CDT" duration-ms="106" status="PASS">
          <reporter-output>
          </reporter-output>
        </test-method> <!-- tearDown -->
      </class> <!-- SrikanthSelenium.SeleniumFrameworkDesign.StandAloneTest -->
    </test> <!-- Submit Order Test -->
    <test started-at="2024-03-13T22:25:46 CDT" name="Error Validations Test" finished-at="2024-03-13T22:25:52 CDT" duration-ms="6298">
      <class name="SrikanthSelenium.SeleniumFrameworkDesign.ErrorValidations">
        <test-method is-config="true" signature="launchApplication()[pri:0, instance:SrikanthSelenium.SeleniumFrameworkDesign.ErrorValidations@d2de489]" started-at="2024-03-13T22:25:46 CDT" name="launchApplication" finished-at="2024-03-13T22:25:51 CDT" duration-ms="4976" status="PASS">
          <reporter-output>
          </reporter-output>
        </test-method> <!-- launchApplication -->
        <test-method signature="submitOrder()[pri:0, instance:SrikanthSelenium.SeleniumFrameworkDesign.ErrorValidations@d2de489]" started-at="2024-03-13T22:25:51 CDT" name="submitOrder" finished-at="2024-03-13T22:25:52 CDT" duration-ms="1246" status="PASS">
          <reporter-output>
          </reporter-output>
        </test-method> <!-- submitOrder -->
        <test-method is-config="true" signature="tearDown()[pri:0, instance:SrikanthSelenium.SeleniumFrameworkDesign.ErrorValidations@d2de489]" started-at="2024-03-13T22:25:52 CDT" name="tearDown" finished-at="2024-03-13T22:25:52 CDT" duration-ms="76" status="PASS">
          <reporter-output>
          </reporter-output>
        </test-method> <!-- tearDown -->
      </class> <!-- SrikanthSelenium.SeleniumFrameworkDesign.ErrorValidations -->
    </test> <!-- Error Validations Test -->
  </suite> <!-- Suite -->
</testng-results>
